2024-03-08 16:04:11 +0000  Initial pipeline context: <IDEDistributionProcessingPipelineContext: 0x7f7d30752b80; archive(resolved)="<IDEArchive: 0x60000a6bb180>", distributionTask(resolved)="2", distributionDestination(resolved)="1", distributionMethod(resolved)="<IDEDistributionMethodDevelopmentSigned: 0x60003017f750>", team(resolved)="<IDEProvisioningDisambiguatableBasicTeam: 0x600001d786c0; teamID='3S952AGH46', teamName='Universidad de Alicante (Dpto. de Ciencia de la Computacion e I.A.)', teamType='Educational Institution', username='sv54@gcloud.ua.es', isFreeProvisioningTeam='0'>">
	Chain (15, self inclusive):
	<IDEDistributionProcessingPipelineContext: 0x7f7d30752b80; archive = "<IDEArchive: 0x60000a6bb180>", distributionMethod="<IDEDistributionMethodDevelopmentSigned: 0x60003017f750>", team="<IDEProvisioningDisambiguatableBasicTeam: 0x600001d786c0; teamID='3S952AGH46', teamName='Universidad de Alicante (Dpto. de Ciencia de la Computacion e I.A.)', teamType='Educational Institution', username='sv54@gcloud.ua.es', isFreeProvisioningTeam='0'>">
	<IDEDistributionProcessingPipelineContext: 0x7f7d30747240; archive = "<IDEArchive: 0x60000a6bb180>", distributionMethod="<IDEDistributionMethodDevelopmentSigned: 0x60003017f750>", team="<IDEProvisioningDisambiguatableBasicTeam: 0x600001d786c0; teamID='3S952AGH46', teamName='Universidad de Alicante (Dpto. de Ciencia de la Computacion e I.A.)', teamType='Educational Institution', username='sv54@gcloud.ua.es', isFreeProvisioningTeam='0'>">
	<IDEDistributionContext: 0x7f7d30748390; archive = "<IDEArchive: 0x60000a6bb180>", distributionMethod="<IDEDistributionMethodDevelopmentSigned: 0x60003017f750>", team="<IDEProvisioningDisambiguatableBasicTeam: 0x600001d786c0; teamID='3S952AGH46', teamName='Universidad de Alicante (Dpto. de Ciencia de la Computacion e I.A.)', teamType='Educational Institution', username='sv54@gcloud.ua.es', isFreeProvisioningTeam='0'>">
	<IDEDistributionContext: 0x7f7d30754330; archive = "<IDEArchive: 0x60000a6bb180>", distributionMethod="<IDEDistributionMethodDevelopmentSigned: 0x60003017f750>", team="<IDEProvisioningDisambiguatableBasicTeam: 0x600001d786c0; teamID='3S952AGH46', teamName='Universidad de Alicante (Dpto. de Ciencia de la Computacion e I.A.)', teamType='Educational Institution', username='sv54@gcloud.ua.es', isFreeProvisioningTeam='0'>">
	<IDEDistributionContext: 0x7f7d30754dd0; archive = "<IDEArchive: 0x60000a6bb180>", distributionMethod="<IDEDistributionMethodDevelopmentSigned: 0x60003017f750>", team="<IDEProvisioningDisambiguatableBasicTeam: 0x600001d786c0; teamID='3S952AGH46', teamName='Universidad de Alicante (Dpto. de Ciencia de la Computacion e I.A.)', teamType='Educational Institution', username='sv54@gcloud.ua.es', isFreeProvisioningTeam='0'>">
	<IDEDistributionContext: 0x7f7d5a74ef20; archive = "<IDEArchive: 0x60000a6bb180>", distributionMethod="<IDEDistributionMethodDevelopmentSigned: 0x60003017f750>", team="<IDEProvisioningDisambiguatableBasicTeam: 0x600001d786c0; teamID='3S952AGH46', teamName='Universidad de Alicante (Dpto. de Ciencia de la Computacion e I.A.)', teamType='Educational Institution', username='sv54@gcloud.ua.es', isFreeProvisioningTeam='0'>">
	<IDEDistributionContext: 0x7f7d30a45260; archive = "<IDEArchive: 0x60000a6bb180>", distributionMethod="<IDEDistributionMethodDevelopmentSigned: 0x60003017f750>", team="<IDEProvisioningDisambiguatableBasicTeam: 0x600001d786c0; teamID='3S952AGH46', teamName='Universidad de Alicante (Dpto. de Ciencia de la Computacion e I.A.)', teamType='Educational Institution', username='sv54@gcloud.ua.es', isFreeProvisioningTeam='0'>">
	<IDEDistributionContext: 0x7f7d30a74800; archive = "<IDEArchive: 0x60000a6bb180>", distributionMethod="<IDEDistributionMethodDevelopmentSigned: 0x60003017f750>", team="<IDEProvisioningDisambiguatableBasicTeam: 0x600001d786c0; teamID='3S952AGH46', teamName='Universidad de Alicante (Dpto. de Ciencia de la Computacion e I.A.)', teamType='Educational Institution', username='sv54@gcloud.ua.es', isFreeProvisioningTeam='0'>">
	<IDEDistributionContext: 0x7f7d538b4650; archive = "<IDEArchive: 0x60000a6bb180>", distributionMethod="<IDEDistributionMethodDevelopmentSigned: 0x60003017f750>", team="<IDEProvisioningDisambiguatableBasicTeam: 0x600001d786c0; teamID='3S952AGH46', teamName='Universidad de Alicante (Dpto. de Ciencia de la Computacion e I.A.)', teamType='Educational Institution', username='sv54@gcloud.ua.es', isFreeProvisioningTeam='0'>">
	<IDEDistributionContext: 0x7f7d30a4a5b0; archive = "<IDEArchive: 0x60000a6bb180>", distributionMethod="<IDEDistributionMethodDevelopmentSigned: 0x60003017f750>", team="(null)">
	<IDEDistributionContext: 0x7f7d30a74380; archive = "<IDEArchive: 0x60000a6bb180>", distributionMethod="<IDEDistributionMethodDevelopmentSigned: 0x60003017f750>", team="(null)">
	<IDEDistributionContext: 0x7f7d52e9add0; archive = "<IDEArchive: 0x60000a6bb180>", distributionMethod="<IDEDistributionMethodDevelopmentSigned: 0x60003017f750>", team="(null)">
	<IDEDistributionContext: 0x7f7d5a7f2940; archive = "<IDEArchive: 0x60000a6bb180>", distributionMethod="<IDEDistributionMethodDevelopmentSigned: 0x60003017f750>", team="(null)">
	<IDEDistributionContext: 0x7f7d5a6e3400; archive = "<IDEArchive: 0x60000a6bb180>", distributionMethod="(null)", team="(null)">
	<IDEDistributionContext: 0x7f7d5a607fa0; archive = "<IDEArchive: 0x60000a6bb180>", distributionMethod="(null)", team="(null)">
</IDEDistributionProcessingPipelineContext: 0x7f7d30752b80>
2024-03-08 16:04:11 +0000  Processing step: IDEDistributionCreateDestRootStep
2024-03-08 16:04:11 +0000  Processing step: IDEDistributionCopyItemStep
2024-03-08 16:04:11 +0000  Running /usr/bin/ditto '-V' '/Users/mastermoviles/Library/Developer/Xcode/Archives/2024-03-08/ToDo 8-3-24, 17.02.xcarchive/Products/Applications/ToDo.app' '/var/folders/5k/8sf4p6j15wv72dwnjqtmxytc0000gn/T/XcodeDistPipeline.~~~bM24E2/Root/Payload/ToDo.app'
2024-03-08 16:04:11 +0000  >>> Copying /Users/mastermoviles/Library/Developer/Xcode/Archives/2024-03-08/ToDo 8-3-24, 17.02.xcarchive/Products/Applications/ToDo.app 
2024-03-08 16:04:11 +0000  copying file ./_CodeSignature/CodeResources ... 
2024-03-08 16:04:11 +0000  5119 bytes for ./_CodeSignature/CodeResources
2024-03-08 16:04:11 +0000  copying file ./AppIcon60x60@2x.png ... 
2024-03-08 16:04:11 +0000  8708 bytes for ./AppIcon60x60@2x.png
2024-03-08 16:04:11 +0000  copying file ./Base.lproj/LaunchScreen.nib ... 
2024-03-08 16:04:11 +0000  3288 bytes for ./Base.lproj/LaunchScreen.nib
2024-03-08 16:04:11 +0000  copying file ./Base.lproj/Main.storyboardc/SoW-uI-S1K-view-qUU-Cw-UiI.nib ... 
2024-03-08 16:04:11 +0000  5586 bytes for ./Base.lproj/Main.storyboardc/SoW-uI-S1K-view-qUU-Cw-UiI.nib
2024-03-08 16:04:11 +0000  copying file ./Base.lproj/Main.storyboardc/UIViewController-1PG-ea-s8c.nib ... 
2024-03-08 16:04:11 +0000  1002 bytes for ./Base.lproj/Main.storyboardc/UIViewController-1PG-ea-s8c.nib
copying file ./Base.lproj/Main.storyboardc/BYZ-38-t0r-view-8bC-Xf-vdC.nib ... 
2024-03-08 16:04:11 +0000  3098 bytes for ./Base.lproj/Main.storyboardc/BYZ-38-t0r-view-8bC-Xf-vdC.nib
copying file ./Base.lproj/Main.storyboardc/UINavigationController-g3n-N8-6NW.nib ... 
2024-03-08 16:04:11 +0000  2489 bytes for ./Base.lproj/Main.storyboardc/UINavigationController-g3n-N8-6NW.nib
copying file ./Base.lproj/Main.storyboardc/1PG-ea-s8c-view-UaS-1R-vkM.nib ... 
2024-03-08 16:04:11 +0000  2929 bytes for ./Base.lproj/Main.storyboardc/1PG-ea-s8c-view-UaS-1R-vkM.nib
copying file ./Base.lproj/Main.storyboardc/UINavigationController-vH0-f9-myZ.nib ... 
2024-03-08 16:04:11 +0000  2629 bytes for ./Base.lproj/Main.storyboardc/UINavigationController-vH0-f9-myZ.nib
2024-03-08 16:04:11 +0000  copying file ./Base.lproj/Main.storyboardc/Info.plist ... 
2024-03-08 16:04:11 +0000  429 bytes for ./Base.lproj/Main.storyboardc/Info.plist
2024-03-08 16:04:11 +0000  copying file ./ToDo ... 
2024-03-08 16:04:11 +0000  114640 bytes for ./ToDo
copying file ./Assets.car ... 
2024-03-08 16:04:11 +0000  419288 bytes for ./Assets.car
2024-03-08 16:04:11 +0000  copying file ./AppIcon76x76@2x~ipad.png ... 
12804 bytes for ./AppIcon76x76@2x~ipad.png
copying file ./embedded.mobileprovision ... 
2024-03-08 16:04:11 +0000  67931 bytes for ./embedded.mobileprovision
copying file ./Info.plist ... 
1393 bytes for ./Info.plist
2024-03-08 16:04:11 +0000  copying file ./PkgInfo ... 
2024-03-08 16:04:11 +0000  8 bytes for ./PkgInfo
2024-03-08 16:04:11 +0000  /usr/bin/ditto exited with 0
2024-03-08 16:04:11 +0000  Processing step: IDEDistributionEmbedProfileStep
2024-03-08 16:04:11 +0000  Processing step: IDEDistributionInfoPlistStep
2024-03-08 16:04:11 +0000  Skipping step: IDEDistributionInfoPlistStep because it said so
2024-03-08 16:04:11 +0000  Processing step: IDEDistributionAppThinningPlistStep
2024-03-08 16:04:11 +0000  Skipping step: IDEDistributionAppThinningPlistStep because it said so
2024-03-08 16:04:11 +0000  Processing step: IDEDistributionCompileBitcodeStep
2024-03-08 16:04:11 +0000  Skipping step: IDEDistributionCompileBitcodeStep because it said so
2024-03-08 16:04:11 +0000  Processing step: IDEDistributionCodeSlimmingStep
2024-03-08 16:04:11 +0000  Processing step: IDEDistributionCopyBCSymbolMapsStep
2024-03-08 16:04:11 +0000  Skipping step: IDEDistributionCopyBCSymbolMapsStep because it said so
2024-03-08 16:04:11 +0000  Processing step: IDEDistributionSymbolsStep
2024-03-08 16:04:11 +0000  Skipping step: IDEDistributionSymbolsStep because it said so
2024-03-08 16:04:11 +0000  Processing step: IDEDistributionAppThinningStep
2024-03-08 16:04:11 +0000  Skipping step: IDEDistributionAppThinningStep because it said so
2024-03-08 16:04:11 +0000  Processing step: IDEDistributionArchThinningStep
2024-03-08 16:04:11 +0000  Running /Users/mastermoviles/Downloads/Xcode.app/Contents/Developer/Toolchains/XcodeDefault.xctoolchain/usr/bin/lipo '/var/folders/5k/8sf4p6j15wv72dwnjqtmxytc0000gn/T/XcodeDistPipeline.~~~bM24E2/Root/Payload/ToDo.app/ToDo' '-verify_arch' 'arm64e'
2024-03-08 16:04:11 +0000  /Users/mastermoviles/Downloads/Xcode.app/Contents/Developer/Toolchains/XcodeDefault.xctoolchain/usr/bin/lipo exited with 1
2024-03-08 16:04:11 +0000  Skipping architecture thinning for item "ToDo" because arch "arm64e" wasn't found
2024-03-08 16:04:11 +0000  Processing step: IDEDistributionODRStep
2024-03-08 16:04:11 +0000  Processing step: IDEDistributionStripXattrsStep
2024-03-08 16:04:11 +0000  Running /usr/bin/xattr '-crs' '/var/folders/5k/8sf4p6j15wv72dwnjqtmxytc0000gn/T/XcodeDistPipeline.~~~bM24E2/Root/Payload/ToDo.app'
2024-03-08 16:04:11 +0000  /usr/bin/xattr exited with 0
2024-03-08 16:04:11 +0000  Processing step: IDEDistributionCodesignStep
2024-03-08 16:04:11 +0000  Entitlements for <IDEDistributionItem: 0x60000a6c1aa0; bundleID='es.ua.mastermoviles.ToDo', path='<DVTFilePath:0x600006b64bd0:'/Users/mastermoviles/Library/Developer/Xcode/Archives/2024-03-08/ToDo 8-3-24, 17.02.xcarchive/Products/Applications/ToDo.app'>', codeSigningInfo='<_DVTCodeSigningInformation_Path: 0x60000e393bb0; isSigned='1', isAdHocSigned='0', signingCertificate='<DVTSigningCertificate: 0x6000039b7240; name='iPhone Developer: Serhii Vidernikov (68CG9AZGNR)', hash='50FAC2A894D1159FD81653EE4C7DB788D1AE0337', serialNumber='E18EBDE062D58F5C55A3FBF41C2B4C0', certificateKinds='(
    "1.2.840.113635.100.6.1.2"
), issueDate='2024-03-07 16:42:31 +0000''>', entitlements='{
    "application-identifier" = "3S952AGH46.es.ua.mastermoviles.ToDo";
    "com.apple.developer.game-center" = 1;
    "com.apple.developer.team-identifier" = 3S952AGH46;
    "get-task-allow" = 1;
}', teamID='3S952AGH46', identifier='es.ua.mastermoviles.ToDo', executablePath='<DVTFilePath:0x60000a6c1ec0:'/Users/mastermoviles/Library/Developer/Xcode/Archives/2024-03-08/ToDo 8-3-24, 17.02.xcarchive/Products/Applications/ToDo.app/ToDo'>', hardenedRuntime='0'>'>: {
    "application-identifier" = "3S952AGH46.es.ua.mastermoviles.ToDo";
    "com.apple.developer.game-center" = 1;
    "com.apple.developer.team-identifier" = 3S952AGH46;
    "get-task-allow" = 1;
}
2024-03-08 16:04:11 +0000  Associated App Clip Identifiers Filter: Skipping because "com.apple.developer.associated-appclip-app-identifiers" is not present
2024-03-08 16:04:11 +0000  Entitlements for <IDEDistributionItem: 0x60000a6c1aa0; bundleID='es.ua.mastermoviles.ToDo', path='<DVTFilePath:0x600006b64bd0:'/Users/mastermoviles/Library/Developer/Xcode/Archives/2024-03-08/ToDo 8-3-24, 17.02.xcarchive/Products/Applications/ToDo.app'>', codeSigningInfo='<_DVTCodeSigningInformation_Path: 0x60000e393bb0; isSigned='1', isAdHocSigned='0', signingCertificate='<DVTSigningCertificate: 0x6000039be580; name='iPhone Developer: Serhii Vidernikov (68CG9AZGNR)', hash='50FAC2A894D1159FD81653EE4C7DB788D1AE0337', serialNumber='E18EBDE062D58F5C55A3FBF41C2B4C0', certificateKinds='(
    "1.2.840.113635.100.6.1.2"
), issueDate='2024-03-07 16:42:31 +0000''>', entitlements='{
    "application-identifier" = "3S952AGH46.es.ua.mastermoviles.ToDo";
    "com.apple.developer.game-center" = 1;
    "com.apple.developer.team-identifier" = 3S952AGH46;
    "get-task-allow" = 1;
}', teamID='3S952AGH46', identifier='es.ua.mastermoviles.ToDo', executablePath='<DVTFilePath:0x60000a6c1ec0:'/Users/mastermoviles/Library/Developer/Xcode/Archives/2024-03-08/ToDo 8-3-24, 17.02.xcarchive/Products/Applications/ToDo.app/ToDo'>', hardenedRuntime='0'>'> are: {
    "application-identifier" = "3S952AGH46.es.ua.mastermoviles.ToDo";
    "com.apple.developer.game-center" = 1;
    "com.apple.developer.team-identifier" = 3S952AGH46;
    "get-task-allow" = 1;
}
2024-03-08 16:04:11 +0000  Writing entitlements for <IDEDistributionItem: 0x60000a6c1aa0; bundleID='es.ua.mastermoviles.ToDo', path='<DVTFilePath:0x600006b64bd0:'/Users/mastermoviles/Library/Developer/Xcode/Archives/2024-03-08/ToDo 8-3-24, 17.02.xcarchive/Products/Applications/ToDo.app'>', codeSigningInfo='<_DVTCodeSigningInformation_Path: 0x60000e393bb0; isSigned='1', isAdHocSigned='0', signingCertificate='<DVTSigningCertificate: 0x6000036cf600; name='iPhone Developer: Serhii Vidernikov (68CG9AZGNR)', hash='50FAC2A894D1159FD81653EE4C7DB788D1AE0337', serialNumber='E18EBDE062D58F5C55A3FBF41C2B4C0', certificateKinds='(
    "1.2.840.113635.100.6.1.2"
), issueDate='2024-03-07 16:42:31 +0000''>', entitlements='{
    "application-identifier" = "3S952AGH46.es.ua.mastermoviles.ToDo";
    "com.apple.developer.game-center" = 1;
    "com.apple.developer.team-identifier" = 3S952AGH46;
    "get-task-allow" = 1;
}', teamID='3S952AGH46', identifier='es.ua.mastermoviles.ToDo', executablePath='<DVTFilePath:0x60000a6c1ec0:'/Users/mastermoviles/Library/Developer/Xcode/Archives/2024-03-08/ToDo 8-3-24, 17.02.xcarchive/Products/Applications/ToDo.app/ToDo'>', hardenedRuntime='0'>'> to: /var/folders/5k/8sf4p6j15wv72dwnjqtmxytc0000gn/T/XcodeDistPipeline.~~~bM24E2/entitlements~~~YgRquf
2024-03-08 16:04:11 +0000  Running /usr/bin/codesign '-vvv' '--force' '--sign' '50FAC2A894D1159FD81653EE4C7DB788D1AE0337' '--entitlements' '/var/folders/5k/8sf4p6j15wv72dwnjqtmxytc0000gn/T/XcodeDistPipeline.~~~bM24E2/entitlements~~~YgRquf' '--generate-entitlement-der' '--preserve-metadata=identifier,flags,runtime' '/var/folders/5k/8sf4p6j15wv72dwnjqtmxytc0000gn/T/XcodeDistPipeline.~~~bM24E2/Root/Payload/ToDo.app'
2024-03-08 16:04:11 +0000  /var/folders/5k/8sf4p6j15wv72dwnjqtmxytc0000gn/T/XcodeDistPipeline.~~~bM24E2/Root/Payload/ToDo.app: replacing existing signature
2024-03-08 16:04:11 +0000  /var/folders/5k/8sf4p6j15wv72dwnjqtmxytc0000gn/T/XcodeDistPipeline.~~~bM24E2/Root/Payload/ToDo.app: signed app bundle with Mach-O thin (arm64) [es.ua.mastermoviles.ToDo]
2024-03-08 16:04:11 +0000  /usr/bin/codesign exited with 0
2024-03-08 16:04:11 +0000  Processing step: IDEDistributionZipODRItemStep
2024-03-08 16:04:11 +0000  Skipping step: IDEDistributionZipODRItemStep because it said so
2024-03-08 16:04:11 +0000  Processing step: IDEDistributionCreateIPAStep
2024-03-08 16:04:11 +0000  Running /usr/bin/ditto '-V' '-c' '-k' '--norsrc' '/var/folders/5k/8sf4p6j15wv72dwnjqtmxytc0000gn/T/XcodeDistPipeline.~~~bM24E2/Root' '/var/folders/5k/8sf4p6j15wv72dwnjqtmxytc0000gn/T/XcodeDistPipeline.~~~bM24E2/Packages/ToDo.ipa'
2024-03-08 16:04:11 +0000  >>> Copying /var/folders/5k/8sf4p6j15wv72dwnjqtmxytc0000gn/T/XcodeDistPipeline.~~~bM24E2/Root 
2024-03-08 16:04:11 +0000  copying file ./Payload/ToDo.app/_CodeSignature/CodeResources ... 
2024-03-08 16:04:11 +0000  5119 bytes for ./Payload/ToDo.app/_CodeSignature/CodeResources
2024-03-08 16:04:11 +0000  copying file ./Payload/ToDo.app/AppIcon60x60@2x.png ... 
2024-03-08 16:04:11 +0000  8708 bytes for ./Payload/ToDo.app/AppIcon60x60@2x.png
2024-03-08 16:04:11 +0000  copying file ./Payload/ToDo.app/Base.lproj/LaunchScreen.nib ... 
2024-03-08 16:04:11 +0000  3288 bytes for ./Payload/ToDo.app/Base.lproj/LaunchScreen.nib
copying file ./Payload/ToDo.app/Base.lproj/Main.storyboardc/SoW-uI-S1K-view-qUU-Cw-UiI.nib ... 
2024-03-08 16:04:11 +0000  5586 bytes for ./Payload/ToDo.app/Base.lproj/Main.storyboardc/SoW-uI-S1K-view-qUU-Cw-UiI.nib
copying file ./Payload/ToDo.app/Base.lproj/Main.storyboardc/UIViewController-1PG-ea-s8c.nib ... 
2024-03-08 16:04:11 +0000  1002 bytes for ./Payload/ToDo.app/Base.lproj/Main.storyboardc/UIViewController-1PG-ea-s8c.nib
copying file ./Payload/ToDo.app/Base.lproj/Main.storyboardc/BYZ-38-t0r-view-8bC-Xf-vdC.nib ... 
2024-03-08 16:04:11 +0000  3098 bytes for ./Payload/ToDo.app/Base.lproj/Main.storyboardc/BYZ-38-t0r-view-8bC-Xf-vdC.nib
copying file ./Payload/ToDo.app/Base.lproj/Main.storyboardc/UINavigationController-g3n-N8-6NW.nib ... 
2024-03-08 16:04:11 +0000  2489 bytes for ./Payload/ToDo.app/Base.lproj/Main.storyboardc/UINavigationController-g3n-N8-6NW.nib
copying file ./Payload/ToDo.app/Base.lproj/Main.storyboardc/1PG-ea-s8c-view-UaS-1R-vkM.nib ... 
2024-03-08 16:04:11 +0000  2929 bytes for ./Payload/ToDo.app/Base.lproj/Main.storyboardc/1PG-ea-s8c-view-UaS-1R-vkM.nib
copying file ./Payload/ToDo.app/Base.lproj/Main.storyboardc/UINavigationController-vH0-f9-myZ.nib ... 
2024-03-08 16:04:11 +0000  2629 bytes for ./Payload/ToDo.app/Base.lproj/Main.storyboardc/UINavigationController-vH0-f9-myZ.nib
copying file ./Payload/ToDo.app/Base.lproj/Main.storyboardc/Info.plist ... 
2024-03-08 16:04:11 +0000  429 bytes for ./Payload/ToDo.app/Base.lproj/Main.storyboardc/Info.plist
copying file ./Payload/ToDo.app/ToDo ... 
2024-03-08 16:04:11 +0000  114640 bytes for ./Payload/ToDo.app/ToDo
copying file ./Payload/ToDo.app/Assets.car ... 
2024-03-08 16:04:12 +0000  419288 bytes for ./Payload/ToDo.app/Assets.car
2024-03-08 16:04:12 +0000  copying file ./Payload/ToDo.app/AppIcon76x76@2x~ipad.png ... 
2024-03-08 16:04:12 +0000  12804 bytes for ./Payload/ToDo.app/AppIcon76x76@2x~ipad.png
copying file ./Payload/ToDo.app/embedded.mobileprovision ... 
2024-03-08 16:04:12 +0000  67931 bytes for ./Payload/ToDo.app/embedded.mobileprovision
copying file ./Payload/ToDo.app/Info.plist ... 
2024-03-08 16:04:12 +0000  1393 bytes for ./Payload/ToDo.app/Info.plist
copying file ./Payload/ToDo.app/PkgInfo ... 
2024-03-08 16:04:12 +0000  8 bytes for ./Payload/ToDo.app/PkgInfo
2024-03-08 16:04:12 +0000  /usr/bin/ditto exited with 0
2024-03-08 16:04:12 +0000  Processing step: IDEDistributionAppStoreInformationStep
2024-03-08 16:04:12 +0000  Skipping step: IDEDistributionAppStoreInformationStep because it said so
2024-03-08 16:04:12 +0000  Processing step: IDEDistributionGenerateProcessedDistributionItems
2024-03-08 16:04:12 +0000  IDEDistributionItem init <DVTFilePath:0x600006b11500:'/var/folders/5k/8sf4p6j15wv72dwnjqtmxytc0000gn/T/XcodeDistPipeline.~~~bM24E2/Root/Payload/ToDo.app'>
2024-03-08 16:04:12 +0000  Processing step: IDEDistributionCreateManifestStep
